<?xml version="1.0" encoding="UTF-8"?>
<robot generator="Robot 3.2.1 (Python 3.8.3 on win32)" generated="20200625 22:14:21.946" rpa="false">
<suite id="s1" name="Amazon" source="C:\Workspace\Projects\robot-framework\amazon\Tests\Amazon.robot">
<test id="s1-t1" name="User must be logged in for checkout">
<kw name="Begin web test" library="Common" type="setup">
<kw name="Open Browser" library="SeleniumLibrary">
<doc>Opens a new browser instance to the optional ``url``.</doc>
<arguments>
<arg>about:blank</arg>
<arg>${BROWSER}</arg>
</arguments>
<msg timestamp="20200625 22:14:22.237" level="INFO">Opening browser 'chrome' to base url 'about:blank'.</msg>
<status status="PASS" starttime="20200625 22:14:22.237" endtime="20200625 22:14:25.473"></status>
</kw>
<kw name="Maximize Browser Window" library="SeleniumLibrary">
<doc>Maximizes current browser window.</doc>
<status status="PASS" starttime="20200625 22:14:25.473" endtime="20200625 22:14:27.634"></status>
</kw>
<status status="PASS" starttime="20200625 22:14:22.237" endtime="20200625 22:14:27.634"></status>
</kw>
<kw name="Open website" library="AmazonApp">
<kw name="Open website" library="Home">
<kw name="Go To" library="SeleniumLibrary">
<doc>Navigates the current browser window to the provided ``url``.</doc>
<arguments>
<arg>${HOME_PAGE_URL}</arg>
</arguments>
<msg timestamp="20200625 22:14:27.637" level="INFO">Opening url 'https://www.amazon.com'</msg>
<status status="PASS" starttime="20200625 22:14:27.636" endtime="20200625 22:14:29.395"></status>
</kw>
<kw name="Wait Until Page Contains" library="SeleniumLibrary">
<doc>Waits until ``text`` appears on the current page.</doc>
<arguments>
<arg>${HOME_DEALS_TEXT}</arg>
</arguments>
<status status="PASS" starttime="20200625 22:14:29.396" endtime="20200625 22:14:29.437"></status>
</kw>
<status status="PASS" starttime="20200625 22:14:27.636" endtime="20200625 22:14:29.437"></status>
</kw>
<status status="PASS" starttime="20200625 22:14:27.635" endtime="20200625 22:14:29.438"></status>
</kw>
<kw name="Search for the product" library="AmazonApp">
<kw name="Search for the product" library="TopBar">
<kw name="Enter search text" library="TopBar">
<kw name="Input Text" library="SeleniumLibrary">
<doc>Types the given ``text`` into the text field identified by ``locator``.</doc>
<arguments>
<arg>${TOPBAR_SEARCH_BOX}</arg>
<arg>${SEARCH_TERM}</arg>
</arguments>
<msg timestamp="20200625 22:14:29.440" level="INFO">Typing text 'black shirt mens' into text field '//*[@id="twotabsearchtextbox"]'.</msg>
<status status="PASS" starttime="20200625 22:14:29.439" endtime="20200625 22:14:29.881"></status>
</kw>
<status status="PASS" starttime="20200625 22:14:29.439" endtime="20200625 22:14:29.881"></status>
</kw>
<kw name="Submit search" library="TopBar">
<kw name="Click Button" library="SeleniumLibrary">
<doc>Clicks the button identified by ``locator``.</doc>
<arguments>
<arg>css=#nav-search &gt; form &gt; div.nav-right &gt; div &gt; input</arg>
</arguments>
<msg timestamp="20200625 22:14:29.882" level="INFO">Clicking button 'css=#nav-search &gt; form &gt; div.nav-right &gt; div &gt; input'.</msg>
<status status="PASS" starttime="20200625 22:14:29.882" endtime="20200625 22:14:32.035"></status>
</kw>
<status status="PASS" starttime="20200625 22:14:29.881" endtime="20200625 22:14:32.035"></status>
</kw>
<status status="PASS" starttime="20200625 22:14:29.439" endtime="20200625 22:14:32.035"></status>
</kw>
<kw name="Verify search completed" library="SearchResults">
<kw name="Wait Until Page Contains" library="SeleniumLibrary">
<doc>Waits until ``text`` appears on the current page.</doc>
<arguments>
<arg>results for "${SEARCH_TERM}"</arg>
</arguments>
<status status="PASS" starttime="20200625 22:14:32.036" endtime="20200625 22:14:32.160"></status>
</kw>
<status status="PASS" starttime="20200625 22:14:32.036" endtime="20200625 22:14:32.161"></status>
</kw>
<status status="PASS" starttime="20200625 22:14:29.438" endtime="20200625 22:14:32.161"></status>
</kw>
<kw name="Checkout the product" library="AmazonApp">
<kw name="Click second product from list" library="SearchResults">
<kw name="Click Element" library="SeleniumLibrary">
<doc>Click the element identified by ``locator``.</doc>
<arguments>
<arg>${SEARCH_RESULTS_SECOND_PRODUCT}</arg>
</arguments>
<msg timestamp="20200625 22:14:32.164" level="INFO">Clicking element 'xpath=//*[@data-index=2]//*[@data-image-index=2]'.</msg>
<status status="PASS" starttime="20200625 22:14:32.163" endtime="20200625 22:14:34.125"></status>
</kw>
<status status="PASS" starttime="20200625 22:14:32.162" endtime="20200625 22:14:34.125"></status>
</kw>
<kw name="Wait for buy button to load" library="ProductDetails">
<kw name="Wait Until Page Contains" library="SeleniumLibrary">
<doc>Waits until ``text`` appears on the current page.</doc>
<arguments>
<arg>Buy Now</arg>
</arguments>
<status status="PASS" starttime="20200625 22:14:34.126" endtime="20200625 22:14:34.153"></status>
</kw>
<status status="PASS" starttime="20200625 22:14:34.125" endtime="20200625 22:14:34.153"></status>
</kw>
<kw name="Checkout the product" library="ProductDetails">
<kw name="Click Button" library="SeleniumLibrary">
<doc>Clicks the button identified by ``locator``.</doc>
<arguments>
<arg>${PRODUCT_DETAILS_BUY_NOW}</arg>
</arguments>
<msg timestamp="20200625 22:14:34.154" level="INFO">Clicking button 'xpath=//*[@id="buy-now-button"]'.</msg>
<status status="PASS" starttime="20200625 22:14:34.154" endtime="20200625 22:14:34.379"></status>
</kw>
<status status="PASS" starttime="20200625 22:14:34.153" endtime="20200625 22:14:34.379"></status>
</kw>
<status status="PASS" starttime="20200625 22:14:32.162" endtime="20200625 22:14:34.380"></status>
</kw>
<kw name="Confirm that login is required" library="AmazonApp">
<kw name="Verify sign page loaded" library="Signin">
<kw name="Page Should Contain" library="SeleniumLibrary">
<doc>Verifies that current page contains ``text``.</doc>
<arguments>
<arg>${SIGNIN_SIGNIN_TEXT}</arg>
</arguments>
<msg timestamp="20200625 22:14:35.511" level="INFO">Current page contains text 'Sign-In'.</msg>
<status status="PASS" starttime="20200625 22:14:34.382" endtime="20200625 22:14:35.511"></status>
</kw>
<kw name="Page Should Contain" library="SeleniumLibrary">
<doc>Verifies that current page contains ``text``.</doc>
<arguments>
<arg>${SIGNIN_CREATE_ACCOUNT_TEXT}</arg>
</arguments>
<msg timestamp="20200625 22:14:35.530" level="INFO">Current page contains text 'Create your Amazon account'.</msg>
<status status="PASS" starttime="20200625 22:14:35.511" endtime="20200625 22:14:35.530"></status>
</kw>
<status status="PASS" starttime="20200625 22:14:34.381" endtime="20200625 22:14:35.531"></status>
</kw>
<status status="PASS" starttime="20200625 22:14:34.380" endtime="20200625 22:14:35.531"></status>
</kw>
<kw name="End web test" library="Common" type="teardown">
<kw name="Close Browser" library="SeleniumLibrary">
<doc>Closes the current browser.</doc>
<status status="PASS" starttime="20200625 22:14:35.532" endtime="20200625 22:14:37.711"></status>
</kw>
<status status="PASS" starttime="20200625 22:14:35.532" endtime="20200625 22:14:37.711"></status>
</kw>
<status status="PASS" starttime="20200625 22:14:22.237" endtime="20200625 22:14:37.711" critical="yes"></status>
</test>
<doc>This is basic info</doc>
<status status="PASS" starttime="20200625 22:14:21.946" endtime="20200625 22:14:37.711"></status>
</suite>
<statistics>
<total>
<stat pass="1" fail="0">Critical Tests</stat>
<stat pass="1" fail="0">All Tests</stat>
</total>
<tag>
</tag>
<suite>
<stat pass="1" fail="0" id="s1" name="Amazon">Amazon</stat>
</suite>
</statistics>
<errors>
<msg timestamp="20200625 22:14:21.977" level="WARN">Imported resource file 'C:\Workspace\Projects\robot-framework\amazon\Resources\PO\Cart.robot' is empty.</msg>
</errors>
</robot>
